{
  "stats": {
    "suites": 1,
    "tests": 4,
    "passes": 3,
    "pending": 0,
    "failures": 1,
    "start": "2023-10-17T20:11:00.714Z",
    "end": "2023-10-17T20:11:31.869Z",
    "duration": 31155,
    "testsRegistered": 4,
    "passPercent": 75,
    "pendingPercent": 0,
    "other": 0,
    "hasOther": false,
    "skipped": 0,
    "hasSkipped": false
  },
  "results": [
    {
      "uuid": "89db5877-1c8b-4528-8151-314c580d7b93",
      "title": "",
      "fullFile": "cypress/e2e/amazonTest.cy.js",
      "file": "cypress/e2e/amazonTest.cy.js",
      "beforeHooks": [],
      "afterHooks": [],
      "tests": [],
      "suites": [
        {
          "uuid": "92234c1a-edc7-47fc-a6ea-46221c7d98fd",
          "title": "Amazon Test",
          "fullFile": "",
          "file": "",
          "beforeHooks": [],
          "afterHooks": [],
          "tests": [
            {
              "title": "Get CD Price",
              "fullTitle": "Amazon Test Get CD Price",
              "timedOut": null,
              "duration": 22153,
              "state": "passed",
              "speed": "slow",
              "pass": true,
              "fail": false,
              "pending": false,
              "context": null,
              "code": "cy.get('.a-button-text').contains('Audio CD').click();\ncy.get('.a-color-base > .a-size-base').invoke('text').then(price => {\n  cy.log(`The Album CD Price is ${price}`);\n});",
              "err": {},
              "uuid": "b7772398-9d69-443e-9649-6356bd4c6211",
              "parentUUID": "92234c1a-edc7-47fc-a6ea-46221c7d98fd",
              "isHook": false,
              "skipped": false
            },
            {
              "title": "Get Customer Rating",
              "fullTitle": "Amazon Test Get Customer Rating",
              "timedOut": null,
              "duration": 153,
              "state": "passed",
              "speed": "fast",
              "pass": true,
              "fail": false,
              "pending": false,
              "context": null,
              "code": "cy.get('#averageCustomerReviews > [data-action=\"acrStarsLink-click-metrics\"] > #acrPopover > span.a-declarative > .a-popover-trigger > .a-size-base').invoke('text').then(rating => {\n  const comparison = '4.5' == rating;\n  cy.log(`It is rated ${rating} stars. Is this rating equal to 4.5? ${comparison}`);\n});",
              "err": {},
              "uuid": "d5390865-ef50-4d2a-93f6-c1ced5de88f1",
              "parentUUID": "92234c1a-edc7-47fc-a6ea-46221c7d98fd",
              "isHook": false,
              "skipped": false
            },
            {
              "title": "Get Album Customers Also Bought",
              "fullTitle": "Amazon Test Get Album Customers Also Bought",
              "timedOut": null,
              "duration": 1452,
              "state": "passed",
              "speed": "fast",
              "pass": true,
              "fail": false,
              "pending": false,
              "context": null,
              "code": "cy.scrollTo('bottom');\ncy.wait(200);\ncy.contains('Customers who bought').scrollIntoView();\ncy.get('#anonCarousel5 > .a-carousel > [aria-posinset=\"1\"] > .p13n-sc-uncoverable-faceout > :nth-child(2) > span > ._cDEzb_p13n-sc-css-line-clamp-3_g3dy1').invoke('text').then(title => {\n  cy.log(`The title is ${title}`);\n});",
              "err": {},
              "uuid": "8321916e-6b54-4d48-8dc9-c809546d8e74",
              "parentUUID": "92234c1a-edc7-47fc-a6ea-46221c7d98fd",
              "isHook": false,
              "skipped": false
            },
            {
              "title": "Assertion Test",
              "fullTitle": "Amazon Test Assertion Test",
              "timedOut": null,
              "duration": 4722,
              "state": "failed",
              "speed": null,
              "pass": false,
              "fail": true,
              "pending": false,
              "context": null,
              "code": "cy.scrollTo('top');\ncy.get('#averageCustomerReviews > [data-action=\"acrStarsLink-click-metrics\"] > #acrPopover > span.a-declarative > .a-popover-trigger > .a-size-base').invoke('text').should('eq', '4.5');",
              "err": {
                "message": "AssertionError: Timed out retrying after 4000ms: expected ' 4.7 ' to equal '4.5'",
                "estack": "AssertionError: Timed out retrying after 4000ms: expected ' 4.7 ' to equal '4.5'\n    at Context.eval (webpack://claudiaosoriotakehome/./cypress/e2e/amazonTest.cy.js:41:20)",
                "diff": "- ' 4.7 '\n+ '4.5'\n"
              },
              "uuid": "0dd90514-74f9-469f-ab40-8d3bba0b343d",
              "parentUUID": "92234c1a-edc7-47fc-a6ea-46221c7d98fd",
              "isHook": false,
              "skipped": false
            }
          ],
          "suites": [],
          "passes": [
            "b7772398-9d69-443e-9649-6356bd4c6211",
            "d5390865-ef50-4d2a-93f6-c1ced5de88f1",
            "8321916e-6b54-4d48-8dc9-c809546d8e74"
          ],
          "failures": [
            "0dd90514-74f9-469f-ab40-8d3bba0b343d"
          ],
          "pending": [],
          "skipped": [],
          "duration": 28480,
          "root": false,
          "rootEmpty": false,
          "_timeout": 2000
        }
      ],
      "passes": [],
      "failures": [],
      "pending": [],
      "skipped": [],
      "duration": 0,
      "root": true,
      "rootEmpty": true,
      "_timeout": 2000
    }
  ],
  "meta": {
    "mocha": {
      "version": "7.0.1"
    },
    "mochawesome": {
      "options": {
        "quiet": false,
        "reportFilename": "mochawesome",
        "saveHtml": false,
        "saveJson": true,
        "consoleReporter": "spec",
        "useInlineDiffs": false,
        "code": true
      },
      "version": "7.1.3"
    },
    "marge": {
      "options": {
        "reportDir": "cypress/results",
        "html": false,
        "json": true
      },
      "version": "6.2.0"
    }
  }
}